# JRE version: OpenJDK Runtime Environment Temurin-17.0.6+10 (17.0.6+10) (build 17.0.6+10)
# Java VM: OpenJDK 64-Bit Server VM Temurin-17.0.6+10 (17.0.6+10, mixed mode, tiered, compressed oops, compressed class ptrs, g1 gc, windows-amd64)
GC Precious Log:
 CPUs: 6 total, 6 available
 Memory: 32636M
 Large Page Support: Disabled
 NUMA Support: Disabled
 Compressed Oops: Enabled (Zero based)
 Heap Region Size: 4M
 Heap Min Capacity: 8M
 Heap Initial Capacity: 512M
 Heap Max Capacity: 8160M
 Pre-touch: Disabled
 Parallel Workers: 6
 Concurrent Workers: 2
 Concurrent Refinement Workers: 6
 Periodic GC: Disabled
Heap:
 garbage-first heap   total 315392K, used 104569K [0x0000000602000000, 0x0000000800000000)
  region size 4096K, 2 young (8192K), 2 survivors (8192K)
 Metaspace       used 66593K, committed 67520K, reserved 1114112K
  class space    used 7567K, committed 8000K, reserved 1048576K
GC Heap History (20 events):
Event: 3.645 GC heap after
{Heap after GC invocations=11 (full 0):
 garbage-first heap   total 81920K, used 33830K [0x0000000602000000, 0x0000000800000000)
  region size 4096K, 1 young (4096K), 1 survivors (4096K)
 Metaspace       used 59974K, committed 60800K, reserved 1105920K
  class space    used 6924K, committed 7296K, reserved 1048576K
}
Event: 3.866 GC heap before
{Heap before GC invocations=12 (full 0):
 garbage-first heap   total 81920K, used 50214K [0x0000000602000000, 0x0000000800000000)
  region size 4096K, 5 young (20480K), 1 survivors (4096K)
 Metaspace       used 61522K, committed 62336K, reserved 1105920K
  class space    used 7104K, committed 7488K, reserved 1048576K
}
Event: 3.868 GC heap after
{Heap after GC invocations=13 (full 0):
 garbage-first heap   total 81920K, used 39864K [0x0000000602000000, 0x0000000800000000)
  region size 4096K, 1 young (4096K), 1 survivors (4096K)
 Metaspace       used 61522K, committed 62336K, reserved 1105920K
  class space    used 7104K, committed 7488K, reserved 1048576K
}
Event: 3.884 GC heap before
{Heap before GC invocations=13 (full 0):
 garbage-first heap   total 81920K, used 43960K [0x0000000602000000, 0x0000000800000000)
  region size 4096K, 2 young (8192K), 1 survivors (4096K)
 Metaspace       used 61522K, committed 62336K, reserved 1105920K
  class space    used 7104K, committed 7488K, reserved 1048576K
}
Event: 3.886 GC heap after
{Heap after GC invocations=14 (full 0):
 garbage-first heap   total 81920K, used 44132K [0x0000000602000000, 0x0000000800000000)
  region size 4096K, 1 young (4096K), 1 survivors (4096K)
 Metaspace       used 61522K, committed 62336K, reserved 1105920K
  class space    used 7104K, committed 7488K, reserved 1048576K
}
Event: 3.905 GC heap before
{Heap before GC invocations=15 (full 0):
 garbage-first heap   total 98304K, used 48228K [0x0000000602000000, 0x0000000800000000)
  region size 4096K, 2 young (8192K), 1 survivors (4096K)
 Metaspace       used 61523K, committed 62336K, reserved 1105920K
  class space    used 7104K, committed 7488K, reserved 1048576K
}
Event: 3.906 GC heap after
{Heap after GC invocations=16 (full 0):
 garbage-first heap   total 98304K, used 47996K [0x0000000602000000, 0x0000000800000000)
  region size 4096K, 1 young (4096K), 1 survivors (4096K)
 Metaspace       used 61523K, committed 62336K, reserved 1105920K
  class space    used 7104K, committed 7488K, reserved 1048576K
}
Event: 3.926 GC heap before
{Heap before GC invocations=17 (full 0):
 garbage-first heap   total 102400K, used 52092K [0x0000000602000000, 0x0000000800000000)
  region size 4096K, 2 young (8192K), 1 survivors (4096K)
 Metaspace       used 61523K, committed 62336K, reserved 1105920K
  class space    used 7104K, committed 7488K, reserved 1048576K
}
Event: 3.927 GC heap after
{Heap after GC invocations=18 (full 0):
 garbage-first heap   total 315392K, used 52081K [0x0000000602000000, 0x0000000800000000)
  region size 4096K, 1 young (4096K), 1 survivors (4096K)
 Metaspace       used 61523K, committed 62336K, reserved 1105920K
  class space    used 7104K, committed 7488K, reserved 1048576K
}
Event: 5.901 GC heap before
{Heap before GC invocations=18 (full 0):
 garbage-first heap   total 315392K, used 260977K [0x0000000602000000, 0x0000000800000000)
  region size 4096K, 46 young (188416K), 1 survivors (4096K)
 Metaspace       used 63342K, committed 64256K, reserved 1105920K
  class space    used 7251K, committed 7680K, reserved 1048576K
}
Event: 5.907 GC heap after
{Heap after GC invocations=19 (full 0):
 garbage-first heap   total 315392K, used 84503K [0x0000000602000000, 0x0000000800000000)
  region size 4096K, 2 young (8192K), 2 survivors (8192K)
 Metaspace       used 63342K, committed 64256K, reserved 1105920K
  class space    used 7251K, committed 7680K, reserved 1048576K
}
Event: 6.230 GC heap before
{Heap before GC invocations=19 (full 0):
 garbage-first heap   total 315392K, used 256535K [0x0000000602000000, 0x0000000800000000)
  region size 4096K, 44 young (180224K), 2 survivors (8192K)
 Metaspace       used 63444K, committed 64320K, reserved 1105920K
  class space    used 7254K, committed 7680K, reserved 1048576K
}
Event: 6.232 GC heap after
{Heap after GC invocations=20 (full 0):
 garbage-first heap   total 315392K, used 84161K [0x0000000602000000, 0x0000000800000000)
  region size 4096K, 2 young (8192K), 2 survivors (8192K)
 Metaspace       used 63444K, committed 64320K, reserved 1105920K
  class space    used 7254K, committed 7680K, reserved 1048576K
}
Event: 6.515 GC heap before
{Heap before GC invocations=20 (full 0):
 garbage-first heap   total 315392K, used 260289K [0x0000000602000000, 0x0000000800000000)
  region size 4096K, 45 young (184320K), 2 survivors (8192K)
 Metaspace       used 63469K, committed 64320K, reserved 1105920K
  class space    used 7255K, committed 7680K, reserved 1048576K
}
Event: 6.521 GC heap after
{Heap after GC invocations=21 (full 0):
 garbage-first heap   total 315392K, used 89971K [0x0000000602000000, 0x0000000800000000)
  region size 4096K, 4 young (16384K), 4 survivors (16384K)
 Metaspace       used 63469K, committed 64320K, reserved 1105920K
  class space    used 7255K, committed 7680K, reserved 1048576K
}
Event: 6.775 GC heap before
{Heap before GC invocations=21 (full 0):
 garbage-first heap   total 315392K, used 257907K [0x0000000602000000, 0x0000000800000000)
  region size 4096K, 45 young (184320K), 4 survivors (16384K)
 Metaspace       used 63562K, committed 64448K, reserved 1105920K
  class space    used 7265K, committed 7744K, reserved 1048576K
}
Event: 6.783 GC heap after
{Heap after GC invocations=22 (full 0):
 garbage-first heap   total 315392K, used 100507K [0x0000000602000000, 0x0000000800000000)
  region size 4096K, 5 young (20480K), 5 survivors (20480K)
 Metaspace       used 63562K, committed 64448K, reserved 1105920K
  class space    used 7265K, committed 7744K, reserved 1048576K
}
Event: 7.145 GC heap before
{Heap before GC invocations=22 (full 0):
 garbage-first heap   total 315392K, used 264347K [0x0000000602000000, 0x0000000800000000)
  region size 4096K, 43 young (176128K), 5 survivors (20480K)
 Metaspace       used 66420K, committed 67328K, reserved 1114112K
  class space    used 7567K, committed 8000K, reserved 1048576K
}
Event: 7.150 GC heap after
{Heap after GC invocations=23 (full 0):
 garbage-first heap   total 315392K, used 103912K [0x0000000602000000, 0x0000000800000000)
  region size 4096K, 2 young (8192K), 2 survivors (8192K)
 Metaspace       used 66420K, committed 67328K, reserved 1114112K
  class space    used 7567K, committed 8000K, reserved 1048576K
}
Event: 7.264 GC heap before
{Heap before GC invocations=23 (full 0):
 garbage-first heap   total 315392K, used 255464K [0x0000000602000000, 0x0000000800000000)
  region size 4096K, 39 young (159744K), 2 survivors (8192K)
 Metaspace       used 66593K, committed 67520K, reserved 1114112K
  class space    used 7567K, committed 8000K, reserved 1048576K
}

