# JRE version: OpenJDK Runtime Environment Temurin-17.0.6+10 (17.0.6+10) (build 17.0.6+10)
# Java VM: OpenJDK 64-Bit Server VM Temurin-17.0.6+10 (17.0.6+10, mixed mode, tiered, compressed oops, compressed class ptrs, g1 gc, windows-amd64)
GC Precious Log:
 CPUs: 6 total, 6 available
 Memory: 32636M
 Large Page Support: Disabled
 NUMA Support: Disabled
 Compressed Oops: Enabled (Zero based)
 Heap Region Size: 4M
 Heap Min Capacity: 8M
 Heap Initial Capacity: 512M
 Heap Max Capacity: 8160M
 Pre-touch: Disabled
 Parallel Workers: 6
 Concurrent Workers: 2
 Concurrent Refinement Workers: 6
 Periodic GC: Disabled
Heap:
 garbage-first heap   total 417792K, used 108563K [0x0000000602000000, 0x0000000800000000)
  region size 4096K, 3 young (12288K), 3 survivors (12288K)
 Metaspace       used 67000K, committed 67904K, reserved 1114112K
  class space    used 7608K, committed 8064K, reserved 1048576K
GC Heap History (20 events):
Event: 4.016 GC heap after
{Heap after GC invocations=20 (full 0):
 garbage-first heap   total 323584K, used 60433K [0x0000000602000000, 0x0000000800000000)
  region size 4096K, 1 young (4096K), 1 survivors (4096K)
 Metaspace       used 61594K, committed 62464K, reserved 1105920K
  class space    used 7108K, committed 7552K, reserved 1048576K
}
Event: 5.814 GC heap before
{Heap before GC invocations=20 (full 0):
 garbage-first heap   total 323584K, used 265233K [0x0000000602000000, 0x0000000800000000)
  region size 4096K, 47 young (192512K), 1 survivors (4096K)
 Metaspace       used 63390K, committed 64320K, reserved 1105920K
  class space    used 7261K, committed 7744K, reserved 1048576K
}
Event: 5.817 GC heap after
{Heap after GC invocations=21 (full 0):
 garbage-first heap   total 323584K, used 81583K [0x0000000602000000, 0x0000000800000000)
  region size 4096K, 2 young (8192K), 2 survivors (8192K)
 Metaspace       used 63390K, committed 64320K, reserved 1105920K
  class space    used 7261K, committed 7744K, reserved 1048576K
}
Event: 6.154 GC heap before
{Heap before GC invocations=21 (full 0):
 garbage-first heap   total 323584K, used 261807K [0x0000000602000000, 0x0000000800000000)
  region size 4096K, 46 young (188416K), 2 survivors (8192K)
 Metaspace       used 63493K, committed 64448K, reserved 1105920K
  class space    used 7264K, committed 7744K, reserved 1048576K
}
Event: 6.158 GC heap after
{Heap after GC invocations=22 (full 0):
 garbage-first heap   total 323584K, used 85930K [0x0000000602000000, 0x0000000800000000)
  region size 4096K, 3 young (12288K), 3 survivors (12288K)
 Metaspace       used 63493K, committed 64448K, reserved 1105920K
  class space    used 7264K, committed 7744K, reserved 1048576K
}
Event: 6.434 GC heap before
{Heap before GC invocations=22 (full 0):
 garbage-first heap   total 323584K, used 266154K [0x0000000602000000, 0x0000000800000000)
  region size 4096K, 47 young (192512K), 3 survivors (12288K)
 Metaspace       used 63512K, committed 64448K, reserved 1105920K
  class space    used 7265K, committed 7744K, reserved 1048576K
}
Event: 6.444 GC heap after
{Heap after GC invocations=23 (full 0):
 garbage-first heap   total 323584K, used 101161K [0x0000000602000000, 0x0000000800000000)
  region size 4096K, 6 young (24576K), 6 survivors (24576K)
 Metaspace       used 63512K, committed 64448K, reserved 1105920K
  class space    used 7265K, committed 7744K, reserved 1048576K
}
Event: 6.656 GC heap before
{Heap before GC invocations=23 (full 0):
 garbage-first heap   total 323584K, used 260905K [0x0000000602000000, 0x0000000800000000)
  region size 4096K, 45 young (184320K), 6 survivors (24576K)
 Metaspace       used 63549K, committed 64448K, reserved 1105920K
  class space    used 7265K, committed 7744K, reserved 1048576K
}
Event: 6.663 GC heap after
{Heap after GC invocations=24 (full 0):
 garbage-first heap   total 323584K, used 94357K [0x0000000602000000, 0x0000000800000000)
  region size 4096K, 2 young (8192K), 2 survivors (8192K)
 Metaspace       used 63549K, committed 64448K, reserved 1105920K
  class space    used 7265K, committed 7744K, reserved 1048576K
}
Event: 7.034 GC heap before
{Heap before GC invocations=24 (full 0):
 garbage-first heap   total 323584K, used 266389K [0x0000000602000000, 0x0000000800000000)
  region size 4096K, 42 young (172032K), 2 survivors (8192K)
 Metaspace       used 66455K, committed 67328K, reserved 1114112K
  class space    used 7567K, committed 8000K, reserved 1048576K
}
Event: 7.037 GC heap after
{Heap after GC invocations=25 (full 0):
 garbage-first heap   total 417792K, used 103532K [0x0000000602000000, 0x0000000800000000)
  region size 4096K, 2 young (8192K), 2 survivors (8192K)
 Metaspace       used 66455K, committed 67328K, reserved 1114112K
  class space    used 7567K, committed 8000K, reserved 1048576K
}
Event: 7.154 GC heap before
{Heap before GC invocations=25 (full 0):
 garbage-first heap   total 417792K, used 341100K [0x0000000602000000, 0x0000000800000000)
  region size 4096K, 60 young (245760K), 2 survivors (8192K)
 Metaspace       used 66611K, committed 67520K, reserved 1114112K
  class space    used 7567K, committed 8000K, reserved 1048576K
}
Event: 7.157 GC heap after
{Heap after GC invocations=26 (full 0):
 garbage-first heap   total 417792K, used 104653K [0x0000000602000000, 0x0000000800000000)
  region size 4096K, 2 young (8192K), 2 survivors (8192K)
 Metaspace       used 66611K, committed 67520K, reserved 1114112K
  class space    used 7567K, committed 8000K, reserved 1048576K
}
Event: 7.284 GC heap before
{Heap before GC invocations=26 (full 0):
 garbage-first heap   total 417792K, used 346317K [0x0000000602000000, 0x0000000800000000)
  region size 4096K, 61 young (249856K), 2 survivors (8192K)
 Metaspace       used 66636K, committed 67520K, reserved 1114112K
  class space    used 7567K, committed 8000K, reserved 1048576K
}
Event: 7.287 GC heap after
{Heap after GC invocations=27 (full 0):
 garbage-first heap   total 417792K, used 106093K [0x0000000602000000, 0x0000000800000000)
  region size 4096K, 3 young (12288K), 3 survivors (12288K)
 Metaspace       used 66636K, committed 67520K, reserved 1114112K
  class space    used 7567K, committed 8000K, reserved 1048576K
}
Event: 7.389 GC heap before
{Heap before GC invocations=27 (full 0):
 garbage-first heap   total 417792K, used 343661K [0x0000000602000000, 0x0000000800000000)
  region size 4096K, 61 young (249856K), 3 survivors (12288K)
 Metaspace       used 66642K, committed 67520K, reserved 1114112K
  class space    used 7567K, committed 8000K, reserved 1048576K
}
Event: 7.393 GC heap after
{Heap after GC invocations=28 (full 0):
 garbage-first heap   total 417792K, used 106586K [0x0000000602000000, 0x0000000800000000)
  region size 4096K, 3 young (12288K), 3 survivors (12288K)
 Metaspace       used 66642K, committed 67520K, reserved 1114112K
  class space    used 7567K, committed 8000K, reserved 1048576K
}
Event: 7.506 GC heap before
{Heap before GC invocations=28 (full 0):
 garbage-first heap   total 417792K, used 344154K [0x0000000602000000, 0x0000000800000000)
  region size 4096K, 61 young (249856K), 3 survivors (12288K)
 Metaspace       used 66658K, committed 67520K, reserved 1114112K
  class space    used 7567K, committed 8000K, reserved 1048576K
}
Event: 7.510 GC heap after
{Heap after GC invocations=29 (full 0):
 garbage-first heap   total 417792K, used 108355K [0x0000000602000000, 0x0000000800000000)
  region size 4096K, 3 young (12288K), 3 survivors (12288K)
 Metaspace       used 66658K, committed 67520K, reserved 1114112K
  class space    used 7567K, committed 8000K, reserved 1048576K
}
Event: 7.655 GC heap before
{Heap before GC invocations=29 (full 0):
 garbage-first heap   total 417792K, used 345923K [0x0000000602000000, 0x0000000800000000)
  region size 4096K, 61 young (249856K), 3 survivors (12288K)
 Metaspace       used 67000K, committed 67904K, reserved 1114112K
  class space    used 7608K, committed 8064K, reserved 1048576K
}

